2013/08/04 13:02:31 [error] [php] date() [<a href='function.date'>function.date</a>]: It is not safe to rely on the system's timezone settings. You are *required* to use the date.timezone setting or the date_default_timezone_set() function. In case you used any of those methods and you are still getting this warning, you most likely misspelled the timezone identifier. We selected 'Europe/Moscow' for 'MSK/4.0/no DST' instead (/usr/local/www/apache22/data/testdrive/protected/views/layouts/main.php:51)
Stack trace:
#0 /usr/local/www/apache22/data/yii/framework/web/CBaseController.php(95): SiteController->renderInternal()
#1 /usr/local/www/apache22/data/yii/framework/web/widgets/CContentDecorator.php(76): SiteController->renderFile()
#2 /usr/local/www/apache22/data/yii/framework/web/widgets/CContentDecorator.php(54): CContentDecorator->decorate()
#3 /usr/local/www/apache22/data/yii/framework/web/widgets/COutputProcessor.php(44): CContentDecorator->processOutput()
#4 /usr/local/www/apache22/data/yii/framework/web/CBaseController.php(206): CContentDecorator->run()
#5 /usr/local/www/apache22/data/yii/framework/web/CBaseController.php(300): SiteController->endWidget()
#6 /usr/local/www/apache22/data/testdrive/protected/views/layouts/column1.php(6): SiteController->endContent()
#7 /usr/local/www/apache22/data/yii/framework/web/CBaseController.php(126): require()
#8 /usr/local/www/apache22/data/yii/framework/web/CBaseController.php(95): SiteController->renderInternal()
#9 /usr/local/www/apache22/data/yii/framework/web/CController.php(784): SiteController->renderFile()
#10 /usr/local/www/apache22/data/testdrive/protected/controllers/SiteController.php(32): SiteController->render()
#11 /usr/local/www/apache22/data/yii/framework/web/actions/CInlineAction.php(49): SiteController->actionIndex()
#12 /usr/local/www/apache22/data/yii/framework/web/CController.php(308): CInlineAction->runWithParams()
#13 /usr/local/www/apache22/data/yii/framework/web/CController.php(286): SiteController->runAction()
#14 /usr/local/www/apache22/data/yii/framework/web/CController.php(265): SiteController->runActionWithFilters()
#15 /usr/local/www/apache22/data/yii/framework/web/CWebApplication.php(282): SiteController->run()
#16 /usr/local/www/apache22/data/yii/framework/web/CWebApplication.php(141): CWebApplication->runController()
#17 /usr/local/www/apache22/data/yii/framework/base/CApplication.php(169): CWebApplication->processRequest()
#18 /usr/local/www/apache22/data/testdrive/index.php(13): CWebApplication->run()
REQUEST_URI=/testdrive/
in /usr/local/www/apache22/data/testdrive/protected/views/layouts/main.php (51)
in /usr/local/www/apache22/data/testdrive/protected/views/layouts/column1.php (6)
in /usr/local/www/apache22/data/testdrive/protected/controllers/SiteController.php (32)
